e:\vs projects\win apis\win32project1\intermediate\win32project1\debug\win32project1.pch
e:\vs projects\win apis\win32project1\intermediate\win32project1\debug\vc140.pdb
e:\vs projects\win apis\win32project1\intermediate\win32project1\debug\vc140.idb
e:\vs projects\win apis\win32project1\intermediate\win32project1\debug\stdafx.obj
e:\vs projects\win apis\win32project1\intermediate\win32project1\debug\win32project1.obj
e:\vs projects\win apis\win32project1\bin\debug\win32project1.ilk
e:\vs projects\win apis\win32project1\bin\debug\win32project1.exe
e:\vs projects\win apis\win32project1\bin\debug\win32project1.pdb
e:\vs projects\win apis\win32project1\intermediate\win32project1\debug\win32project1.res
e:\vs projects\win apis\win32project1\\bin\debug\win32project1.pdb
e:\vs projects\win apis\win32project1\\bin\debug\win32project1.exe
e:\vs projects\win apis\win32project1\\bin\debug\win32project1.ilk
e:\vs projects\win apis\win32project1\intermediate\win32project1\debug\win32project1.tlog\cl.command.1.tlog
e:\vs projects\win apis\win32project1\intermediate\win32project1\debug\win32project1.tlog\cl.read.1.tlog
e:\vs projects\win apis\win32project1\intermediate\win32project1\debug\win32project1.tlog\cl.write.1.tlog
e:\vs projects\win apis\win32project1\intermediate\win32project1\debug\win32project1.tlog\link.command.1.tlog
e:\vs projects\win apis\win32project1\intermediate\win32project1\debug\win32project1.tlog\link.read.1.tlog
e:\vs projects\win apis\win32project1\intermediate\win32project1\debug\win32project1.tlog\link.write.1.tlog
e:\vs projects\win apis\win32project1\intermediate\win32project1\debug\win32project1.tlog\rc.command.1.tlog
e:\vs projects\win apis\win32project1\intermediate\win32project1\debug\win32project1.tlog\rc.read.1.tlog
e:\vs projects\win apis\win32project1\intermediate\win32project1\debug\win32project1.tlog\rc.write.1.tlog
