e:\vs projects\win apis\win32project1\intermediate\wingui\debug\vc140.pdb
e:\vs projects\win apis\win32project1\intermediate\wingui\debug\vc140.idb
e:\vs projects\win apis\win32project1\intermediate\wingui\debug\dllmain.obj
e:\vs projects\win apis\win32project1\intermediate\wingui\debug\application.obj
e:\vs projects\win apis\win32project1\intermediate\wingui\debug\event_combobox.obj
e:\vs projects\win apis\win32project1\intermediate\wingui\debug\dialog.obj
e:\vs projects\win apis\win32project1\intermediate\wingui\debug\topwindow.obj
e:\vs projects\win apis\win32project1\intermediate\wingui\debug\wincontainterbase.obj
e:\vs projects\win apis\win32project1\intermediate\wingui\debug\button.obj
e:\vs projects\win apis\win32project1\intermediate\wingui\debug\buttonbase.obj
e:\vs projects\win apis\win32project1\intermediate\wingui\debug\checkbox.obj
e:\vs projects\win apis\win32project1\intermediate\wingui\debug\pushbutton.obj
e:\vs projects\win apis\win32project1\intermediate\wingui\debug\radiobutton.obj
e:\vs projects\win apis\win32project1\intermediate\wingui\debug\combobox.obj
e:\vs projects\win apis\win32project1\intermediate\wingui\debug\comboboxex.obj
e:\vs projects\win apis\win32project1\intermediate\wingui\debug\windowcontrolbase.obj
e:\vs projects\win apis\win32project1\intermediate\wingui\debug\event_button.obj
e:\vs projects\win apis\win32project1\intermediate\wingui\debug\windowbase.obj
e:\vs projects\win apis\win32project1\intermediate\wingui\debug\windproc.obj
e:\vs projects\win apis\win32project1\intermediate\wingui\debug\wingui.obj
e:\vs projects\win apis\win32project1\intermediate\wingui\debug\stdafx.obj
e:\vs projects\win apis\win32project1\bin\debug\wingui.ilk
e:\vs projects\win apis\win32project1\bin\debug\wingui.dll
e:\vs projects\win apis\win32project1\bin\debug\wingui.pdb
e:\vs projects\win apis\win32project1\bin\debug\wingui.lib
e:\vs projects\win apis\win32project1\bin\debug\wingui.exp
e:\vs projects\win apis\win32project1\\bin\debug\wingui.pdb
e:\vs projects\win apis\win32project1\\bin\debug\wingui.dll
e:\vs projects\win apis\win32project1\\bin\debug\wingui.ilk
e:\vs projects\win apis\win32project1\intermediate\wingui\debug\wingui.tlog\cl.command.1.tlog
e:\vs projects\win apis\win32project1\intermediate\wingui\debug\wingui.tlog\cl.read.1.tlog
e:\vs projects\win apis\win32project1\intermediate\wingui\debug\wingui.tlog\cl.write.1.tlog
e:\vs projects\win apis\win32project1\intermediate\wingui\debug\wingui.tlog\link.command.1.tlog
e:\vs projects\win apis\win32project1\intermediate\wingui\debug\wingui.tlog\link.read.1.tlog
e:\vs projects\win apis\win32project1\intermediate\wingui\debug\wingui.tlog\link.write.1.tlog
e:\vs projects\win apis\win32project1\intermediate\wingui\debug\wingui.tlog\wingui.write.1u.tlog
