e:\vs projects\win apis\win32project1\intermediate\core\debug\vc140.pdb
e:\vs projects\win apis\win32project1\intermediate\core\debug\vc140.idb
e:\vs projects\win apis\win32project1\intermediate\core\debug\core.obj
e:\vs projects\win apis\win32project1\intermediate\core\debug\vector3.obj
e:\vs projects\win apis\win32project1\intermediate\core\debug\class.obj
e:\vs projects\win apis\win32project1\intermediate\core\debug\object.obj
e:\vs projects\win apis\win32project1\intermediate\core\debug\reflectsystem.obj
e:\vs projects\win apis\win32project1\intermediate\core\debug\csvparser.obj
e:\vs projects\win apis\win32project1\intermediate\core\debug\fileutil.obj
e:\vs projects\win apis\win32project1\intermediate\core\debug\string_util.obj
e:\vs projects\win apis\win32project1\intermediate\core\debug\stdafx.obj
e:\vs projects\win apis\win32project1\intermediate\core\debug\dllmain.obj
e:\vs projects\win apis\win32project1\bin\debug\core.lib
e:\vs projects\win apis\win32project1\bin\debug\core.exp
e:\vs projects\win apis\win32project1\bin\debug\core.ilk
e:\vs projects\win apis\win32project1\bin\debug\core.dll
e:\vs projects\win apis\win32project1\bin\debug\core.pdb
e:\vs projects\win apis\win32project1\\bin\debug\core.pdb
e:\vs projects\win apis\win32project1\\bin\debug\core.dll
e:\vs projects\win apis\win32project1\\bin\debug\core.ilk
e:\vs projects\win apis\win32project1\intermediate\core\debug\core.tlog\cl.command.1.tlog
e:\vs projects\win apis\win32project1\intermediate\core\debug\core.tlog\cl.read.1.tlog
e:\vs projects\win apis\win32project1\intermediate\core\debug\core.tlog\cl.write.1.tlog
e:\vs projects\win apis\win32project1\intermediate\core\debug\core.tlog\core.write.1u.tlog
e:\vs projects\win apis\win32project1\intermediate\core\debug\core.tlog\link.command.1.tlog
e:\vs projects\win apis\win32project1\intermediate\core\debug\core.tlog\link.read.1.tlog
e:\vs projects\win apis\win32project1\intermediate\core\debug\core.tlog\link.write.1.tlog
